[       OK ] TEST002.test (1 ms)
[----------] 1 test from TEST002 (1 ms total)

[----------] Global test environment tear-down
[==========] 2 tests from 2 test cases ran. (6 ms total)
[  PASSED  ] 1 test.
[  FAILED  ] 1 test, listed below:
[  FAILED  ] TEST001.test

 1 FAILED TEST
